<?xml version="1.0" encoding="UTF-8"?>
<!-- Generated by org.testng.reporters.JUnitReportReporter -->
<testsuite hostname="DESKTOP-1EV5FMN" failures="0" tests="1" name="testCases.MyFirstTestCaseTest" time="20.355" errors="0" timestamp="25 May 2021 07:44:09 GMT" skipped="0">
  <testcase classname="testCases.MyFirstTestCaseTest" name="testCase_001" time="20.355"/>
</testsuite> <!-- testCases.MyFirstTestCaseTest -->
